INFO:root:Logger set.
INFO:root:Configuration loaded.
INFO:root:Seeking for birthdays.
INFO:root:It seems like you don't know anyone who was born on the 15-10.
INFO:root:currentDate.txt has been updated.
INFO:root:Logger set.
INFO:root:Configuration loaded.
INFO:root:Seeking for birthdays.
INFO:root:It seems like you don't know anyone who was born on the 16-10.
INFO:root:currentDate.txt has been updated.
INFO:root:Logger set.
INFO:root:Configuration loaded.
INFO:root:BirthdaySMS has already been ran today.
INFO:root:Logger set.
INFO:root:Configuration loaded.
INFO:root:BirthdaySMS has already been ran today.
INFO:root:Logger set.
INFO:root:Configuration loaded.
INFO:root:Seeking for birthdays.
INFO:root:It seems like you don't know anyone who was born on the 17-10.
INFO:root:currentDate.txt has been updated.
INFO:root:Logger set.
INFO:root:Configuration loaded.
INFO:root:Seeking for birthdays.
INFO:root:It seems like you don't know anyone who was born on the 18-10.
INFO:root:currentDate.txt has been updated.
INFO:root:Logger set.
INFO:root:Configuration loaded.
INFO:root:Seeking for birthdays.
INFO:root:It seems like you don't know anyone who was born on the 19-10.
INFO:root:currentDate.txt has been updated.
INFO:root:Logger set.
INFO:root:Configuration loaded.
INFO:root:BirthdaySMS has already been ran today.
INFO:root:Logger set.
INFO:root:Configuration loaded.
INFO:root:BirthdaySMS has already been ran today.
INFO:root:Logger set.
INFO:root:Configuration loaded.
INFO:root:BirthdaySMS has already been ran today.
INFO:root:Logger set.
INFO:root:Configuration loaded.
INFO:root:BirthdaySMS has already been ran today.
INFO:root:Logger set.
INFO:root:Configuration loaded.
INFO:root:Seeking for birthdays.
INFO:root:It seems like you don't know anyone who was born on the 20-10.
INFO:root:currentDate.txt has been updated.
INFO:root:Logger set.
INFO:root:Configuration loaded.
INFO:root:BirthdaySMS has already been ran today.
INFO:root:Logger set.
INFO:root:Configuration loaded.
INFO:root:BirthdaySMS has already been ran today.
INFO:root:Logger set.
INFO:root:Configuration loaded.
INFO:root:BirthdaySMS has already been ran today.
10/21/2023 12:00:INFO:Logger set.
10/21/2023 12:00:INFO:Configuration loaded.
10/21/2023 12:00:INFO:Seeking for birthdays.
10/21/2023 12:00:INFO:It seems like you don't know anyone who was born on the 21-10.
10/21/2023 12:00:INFO:currentDate.txt has been updated.
10/21/2023 13:00:INFO:Logger set.
10/21/2023 13:00:INFO:Configuration loaded.
10/21/2023 13:00:INFO:BirthdaySMS has already been ran today.
10/21/2023 16:00:INFO:Logger set.
10/21/2023 16:00:INFO:Configuration loaded.
10/21/2023 16:00:INFO:BirthdaySMS has already been ran today.
10/22/2023 15:00:INFO:Logger set.
10/22/2023 15:00:INFO:Configuration loaded.
10/22/2023 15:00:INFO:Seeking for birthdays.
10/22/2023 15:00:INFO:It seems like you don't know anyone who was born on the 22-10.
10/22/2023 15:00:INFO:currentDate.txt has been updated.
10/22/2023 16:00:INFO:Logger set.
10/22/2023 16:00:INFO:Configuration loaded.
10/22/2023 16:00:INFO:BirthdaySMS has already been ran today.
10/22/2023 17:00:INFO:Logger set.
10/22/2023 17:00:INFO:Configuration loaded.
10/22/2023 17:00:INFO:BirthdaySMS has already been ran today.
10/22/2023 18:00:INFO:Logger set.
10/22/2023 18:00:INFO:Configuration loaded.
10/22/2023 18:00:INFO:BirthdaySMS has already been ran today.
10/22/2023 22:00:INFO:Logger set.
10/22/2023 22:00:INFO:Configuration loaded.
10/22/2023 22:00:INFO:BirthdaySMS has already been ran today.
10/23/2023 11:00:INFO:Logger set.
10/23/2023 11:00:INFO:Configuration loaded.
10/23/2023 11:00:INFO:Seeking for birthdays.
10/23/2023 11:00:INFO:It seems like you don't know anyone who was born on the 23-10.
10/23/2023 11:00:INFO:currentDate.txt has been updated.
10/23/2023 12:00:INFO:Logger set.
10/23/2023 12:00:INFO:Configuration loaded.
10/23/2023 12:00:INFO:BirthdaySMS has already been ran today.
10/23/2023 18:00:INFO:Logger set.
10/23/2023 18:00:INFO:Configuration loaded.
10/23/2023 18:00:INFO:BirthdaySMS has already been ran today.
10/23/2023 22:00:INFO:Logger set.
10/23/2023 22:00:INFO:Configuration loaded.
10/23/2023 22:00:INFO:BirthdaySMS has already been ran today.
10/24/2023 10:00:INFO:Logger set.
10/24/2023 10:00:INFO:Configuration loaded.
10/24/2023 10:00:INFO:Seeking for birthdays.
10/24/2023 10:00:INFO:It seems like you don't know anyone who was born on the 24-10.
10/24/2023 10:00:INFO:currentDate.txt has been updated.
10/24/2023 18:00:INFO:Logger set.
10/24/2023 18:00:INFO:Configuration loaded.
10/24/2023 18:00:INFO:BirthdaySMS has already been ran today.
10/24/2023 19:00:INFO:Logger set.
10/24/2023 19:00:INFO:Configuration loaded.
10/24/2023 19:00:INFO:BirthdaySMS has already been ran today.
10/24/2023 20:00:INFO:Logger set.
10/24/2023 20:00:INFO:Configuration loaded.
10/24/2023 20:00:INFO:BirthdaySMS has already been ran today.
10/25/2023 13:00:INFO:Logger set.
10/25/2023 13:00:INFO:Configuration loaded.
10/25/2023 13:00:INFO:Seeking for birthdays.
10/25/2023 13:00:INFO:It seems like you don't know anyone who was born on the 25-10.
10/25/2023 13:00:INFO:currentDate.txt has been updated.
10/25/2023 14:00:INFO:Logger set.
10/25/2023 14:00:INFO:Configuration loaded.
10/25/2023 14:00:INFO:BirthdaySMS has already been ran today.
10/25/2023 15:00:INFO:Logger set.
10/25/2023 15:00:INFO:Configuration loaded.
10/25/2023 15:00:INFO:BirthdaySMS has already been ran today.
10/25/2023 16:00:INFO:Logger set.
10/25/2023 16:00:INFO:Configuration loaded.
10/25/2023 16:00:INFO:BirthdaySMS has already been ran today.
10/25/2023 17:00:INFO:Logger set.
10/25/2023 17:00:INFO:Configuration loaded.
10/25/2023 17:00:INFO:BirthdaySMS has already been ran today.
10/25/2023 18:00:INFO:Logger set.
10/25/2023 18:00:INFO:Configuration loaded.
10/25/2023 18:00:INFO:BirthdaySMS has already been ran today.
10/25/2023 19:00:INFO:Logger set.
10/25/2023 19:00:INFO:Configuration loaded.
10/25/2023 19:00:INFO:BirthdaySMS has already been ran today.
10/26/2023 09:00:INFO:Logger set.
10/26/2023 09:00:INFO:Configuration loaded.
10/26/2023 09:00:INFO:Seeking for birthdays.
10/26/2023 09:00:INFO:It seems like you don't know anyone who was born on the 26-10.
10/26/2023 09:00:INFO:currentDate.txt has been updated.
10/26/2023 10:00:INFO:Logger set.
10/26/2023 10:00:INFO:Configuration loaded.
10/26/2023 10:00:INFO:BirthdaySMS has already been ran today.
10/26/2023 12:00:INFO:Logger set.
10/26/2023 12:00:INFO:Configuration loaded.
10/26/2023 12:00:INFO:BirthdaySMS has already been ran today.
10/26/2023 13:00:INFO:Logger set.
10/26/2023 13:00:INFO:Configuration loaded.
10/26/2023 13:00:INFO:BirthdaySMS has already been ran today.
10/26/2023 14:00:INFO:Logger set.
10/26/2023 14:00:INFO:Configuration loaded.
10/26/2023 14:00:INFO:BirthdaySMS has already been ran today.
10/26/2023 15:00:INFO:Logger set.
10/26/2023 15:00:INFO:Configuration loaded.
10/26/2023 15:00:INFO:BirthdaySMS has already been ran today.
10/26/2023 16:00:INFO:Logger set.
10/26/2023 16:00:INFO:Configuration loaded.
10/26/2023 16:00:INFO:BirthdaySMS has already been ran today.
10/26/2023 19:00:INFO:Logger set.
10/26/2023 19:00:INFO:Configuration loaded.
10/26/2023 19:00:INFO:BirthdaySMS has already been ran today.
10/26/2023 20:00:INFO:Logger set.
10/26/2023 20:00:INFO:Configuration loaded.
10/26/2023 20:00:INFO:BirthdaySMS has already been ran today.
10/26/2023 21:00:INFO:Logger set.
10/26/2023 21:00:INFO:Configuration loaded.
10/26/2023 21:00:INFO:BirthdaySMS has already been ran today.
